mode: set
github.com/deagy/recall/llm/extractor.go:16.67,21.2 1 1
github.com/deagy/recall/llm/extractor.go:24.114,38.16 4 1
github.com/deagy/recall/llm/extractor.go:38.16,40.3 1 1
github.com/deagy/recall/llm/extractor.go:42.2,43.80 2 1
github.com/deagy/recall/llm/extractor.go:43.80,45.3 1 1
github.com/deagy/recall/llm/extractor.go:47.2,47.26 1 1
github.com/deagy/recall/llm/extractor.go:47.26,48.36 1 1
github.com/deagy/recall/llm/extractor.go:48.36,50.4 1 1
github.com/deagy/recall/llm/extractor.go:51.3,51.60 1 1
github.com/deagy/recall/llm/extractor.go:54.2,54.22 1 1
github.com/deagy/recall/llm/extractor.go:58.117,72.16 4 1
github.com/deagy/recall/llm/extractor.go:72.16,74.3 1 0
github.com/deagy/recall/llm/extractor.go:76.2,77.81 2 1
github.com/deagy/recall/llm/extractor.go:77.81,79.3 1 0
github.com/deagy/recall/llm/extractor.go:81.2,81.27 1 1
github.com/deagy/recall/llm/extractor.go:81.27,82.37 1 1
github.com/deagy/recall/llm/extractor.go:82.37,84.4 1 1
github.com/deagy/recall/llm/extractor.go:85.3,85.61 1 1
github.com/deagy/recall/llm/extractor.go:88.2,88.23 1 1
github.com/deagy/recall/llm/mock.go:31.36,36.2 1 1
github.com/deagy/recall/llm/mock.go:39.90,45.27 5 1
github.com/deagy/recall/llm/mock.go:45.27,47.3 1 1
github.com/deagy/recall/llm/mock.go:49.2,60.8 1 1
github.com/deagy/recall/llm/mock.go:64.114,72.29 6 1
github.com/deagy/recall/llm/mock.go:72.29,80.35 2 1
github.com/deagy/recall/llm/mock.go:80.35,82.4 1 0
github.com/deagy/recall/llm/mock.go:85.3,85.24 1 1
github.com/deagy/recall/llm/mock.go:85.24,98.41 2 1
github.com/deagy/recall/llm/mock.go:98.41,100.5 1 0
github.com/deagy/recall/llm/mock.go:104.2,104.12 1 1
github.com/deagy/recall/llm/mock.go:123.40,132.2 1 1
github.com/deagy/recall/llm/mock.go:135.115,136.26 1 1
github.com/deagy/recall/llm/mock.go:136.26,138.3 1 1
github.com/deagy/recall/llm/mock.go:139.2,139.24 1 1
github.com/deagy/recall/llm/mock.go:143.118,144.35 1 1
github.com/deagy/recall/llm/mock.go:144.35,146.3 1 0
github.com/deagy/recall/llm/mock.go:147.2,147.25 1 1
github.com/deagy/recall/llm/ollama.go:26.52,27.19 1 1
github.com/deagy/recall/llm/ollama.go:27.19,29.3 1 1
github.com/deagy/recall/llm/ollama.go:30.2,35.3 1 1
github.com/deagy/recall/llm/ollama.go:39.91,43.16 3 0
github.com/deagy/recall/llm/ollama.go:43.16,45.3 1 0
github.com/deagy/recall/llm/ollama.go:47.2,48.16 2 0
github.com/deagy/recall/llm/ollama.go:48.16,50.3 1 0
github.com/deagy/recall/llm/ollama.go:52.2,55.16 3 0
github.com/deagy/recall/llm/ollama.go:55.16,57.3 1 0
github.com/deagy/recall/llm/ollama.go:58.2,60.38 2 0
github.com/deagy/recall/llm/ollama.go:60.38,63.3 2 0
github.com/deagy/recall/llm/ollama.go:65.2,66.71 2 0
github.com/deagy/recall/llm/ollama.go:66.71,68.3 1 0
github.com/deagy/recall/llm/ollama.go:70.2,70.44 1 0
github.com/deagy/recall/llm/ollama.go:74.115,79.16 4 0
github.com/deagy/recall/llm/ollama.go:79.16,81.3 1 0
github.com/deagy/recall/llm/ollama.go:83.2,84.16 2 0
github.com/deagy/recall/llm/ollama.go:84.16,86.3 1 0
github.com/deagy/recall/llm/ollama.go:88.2,91.16 3 0
github.com/deagy/recall/llm/ollama.go:91.16,93.3 1 0
github.com/deagy/recall/llm/ollama.go:94.2,96.38 2 0
github.com/deagy/recall/llm/ollama.go:96.38,99.3 2 0
github.com/deagy/recall/llm/ollama.go:101.2,102.6 2 0
github.com/deagy/recall/llm/ollama.go:102.6,104.54 2 0
github.com/deagy/recall/llm/ollama.go:104.54,105.21 1 0
github.com/deagy/recall/llm/ollama.go:105.21,106.10 1 0
github.com/deagy/recall/llm/ollama.go:108.4,108.63 1 0
github.com/deagy/recall/llm/ollama.go:111.3,112.35 2 0
github.com/deagy/recall/llm/ollama.go:112.35,114.4 1 0
github.com/deagy/recall/llm/ollama.go:116.3,116.23 1 0
github.com/deagy/recall/llm/ollama.go:116.23,117.9 1 0
github.com/deagy/recall/llm/ollama.go:121.2,121.12 1 0
github.com/deagy/recall/llm/ollama.go:125.75,130.35 2 1
github.com/deagy/recall/llm/ollama.go:130.35,135.3 1 1
github.com/deagy/recall/llm/ollama.go:137.2,137.25 1 1
github.com/deagy/recall/llm/ollama.go:137.25,141.3 1 1
github.com/deagy/recall/llm/ollama.go:143.2,143.18 1 1
github.com/deagy/recall/llm/ollama.go:147.80,162.2 2 1
github.com/deagy/recall/llm/ollama.go:165.82,173.16 2 0
github.com/deagy/recall/llm/ollama.go:173.16,180.3 2 0
github.com/deagy/recall/llm/ollama.go:182.2,182.15 1 0
github.com/deagy/recall/llm/openai.go:29.60,30.19 1 1
github.com/deagy/recall/llm/openai.go:30.19,32.3 1 1
github.com/deagy/recall/llm/openai.go:33.2,39.3 1 1
github.com/deagy/recall/llm/openai.go:43.91,47.16 3 0
github.com/deagy/recall/llm/openai.go:47.16,49.3 1 0
github.com/deagy/recall/llm/openai.go:51.2,52.16 2 0
github.com/deagy/recall/llm/openai.go:52.16,54.3 1 0
github.com/deagy/recall/llm/openai.go:56.2,60.16 4 0
github.com/deagy/recall/llm/openai.go:60.16,62.3 1 0
github.com/deagy/recall/llm/openai.go:63.2,65.38 2 0
github.com/deagy/recall/llm/openai.go:65.38,68.3 2 0
github.com/deagy/recall/llm/openai.go:70.2,71.71 2 0
github.com/deagy/recall/llm/openai.go:71.71,73.3 1 0
github.com/deagy/recall/llm/openai.go:75.2,75.44 1 0
github.com/deagy/recall/llm/openai.go:79.115,84.16 4 0
github.com/deagy/recall/llm/openai.go:84.16,86.3 1 0
github.com/deagy/recall/llm/openai.go:88.2,89.16 2 0
github.com/deagy/recall/llm/openai.go:89.16,91.3 1 0
github.com/deagy/recall/llm/openai.go:93.2,98.16 5 0
github.com/deagy/recall/llm/openai.go:98.16,100.3 1 0
github.com/deagy/recall/llm/openai.go:101.2,103.38 2 0
github.com/deagy/recall/llm/openai.go:103.38,106.3 2 0
github.com/deagy/recall/llm/openai.go:108.2,109.6 2 0
github.com/deagy/recall/llm/openai.go:109.6,111.54 2 0
github.com/deagy/recall/llm/openai.go:111.54,112.21 1 0
github.com/deagy/recall/llm/openai.go:112.21,113.10 1 0
github.com/deagy/recall/llm/openai.go:115.4,115.63 1 0
github.com/deagy/recall/llm/openai.go:118.3,119.35 2 0
github.com/deagy/recall/llm/openai.go:119.35,121.4 1 0
github.com/deagy/recall/llm/openai.go:123.3,123.48 1 0
github.com/deagy/recall/llm/openai.go:123.48,124.9 1 0
github.com/deagy/recall/llm/openai.go:128.2,128.12 1 0
github.com/deagy/recall/llm/openai.go:132.75,137.35 2 1
github.com/deagy/recall/llm/openai.go:137.35,142.3 1 1
github.com/deagy/recall/llm/openai.go:144.2,144.25 1 1
github.com/deagy/recall/llm/openai.go:144.25,146.3 1 1
github.com/deagy/recall/llm/openai.go:147.2,147.23 1 1
github.com/deagy/recall/llm/openai.go:147.23,149.3 1 1
github.com/deagy/recall/llm/openai.go:150.2,150.23 1 1
github.com/deagy/recall/llm/openai.go:150.23,152.3 1 1
github.com/deagy/recall/llm/openai.go:154.2,154.18 1 1
github.com/deagy/recall/llm/openai.go:158.80,174.2 3 1
github.com/deagy/recall/llm/openai.go:177.82,187.24 3 0
github.com/deagy/recall/llm/openai.go:187.24,193.3 1 0
github.com/deagy/recall/llm/openai.go:195.2,195.31 1 0
github.com/deagy/recall/llm/openai.go:195.31,197.3 1 0
github.com/deagy/recall/llm/openai.go:199.2,199.15 1 0
